Machine name: x86_64
Node name: cosmo
Operating system release: 6.17.0-19-generic
Operating system version: #19~24.04.2-Ubuntu SMP PREEMPT_DYNAMIC Fri Mar  6 23:08:46 UTC 2
Operating system name: Linux
 PCAone (v0.6.0)    https://github.com/Zilong-Li/PCAone
Options in effect:
./PCAone -b results/pcaone_harmonized/ref -k 10 --printv -o results/pcaone_harmonized/ref_pcaone  
[24/03/2026-16:16:41] program started 
[24/03/2026-16:16:41] start parsing PLINK format 
[24/03/2026-16:16:41] N (# samples): 195, M (# SNPs): 441702
[24/03/2026-16:16:41] done reading all data 
[24/03/2026-16:16:41] initialize window-based RSVD (winSVD) with in-core 
[24/03/2026-16:16:41] permuting data matrix by columns in place 
[24/03/2026-16:16:42] running of epoch =  1, diff = 0.123613
[24/03/2026-16:16:43] running of epoch =  2, diff = 0.0615765
[24/03/2026-16:16:43] running of epoch =  3, diff = 0.0879666
[24/03/2026-16:16:44] running of epoch =  4, diff = 0.0653291
[24/03/2026-16:16:44] running of epoch =  5, diff = 0.129371
[24/03/2026-16:16:45] running of epoch =  6, diff = 1.12368e-05
[24/03/2026-16:16:45] stops at epoch =  7
[24/03/2026-16:16:45] save matched sites in .mbim file and permutation mode is  1
[24/03/2026-16:16:46] eigen vectors and values saved 
[24/03/2026-16:16:46] PCAone - Randomized SVD done 
[24/03/2026-16:16:46] total elapsed reading time:  0.274 seconds 
[24/03/2026-16:16:46] total elapsed wall time: 5.532 seconds 
[24/03/2026-16:16:46] have a nice day. bye! 
