Input: -likes (null) -plink example/NA20502_TSI -Nname data/nInd_humanOrigins_7worldPops.txt -fname data/refPanel_humanOrigins_7worldPops.txt -out results/NA20502_TSI -whichPops French,Han,Yoruba
Setup: -seed 1774360092 -method 1
Ploidy of 2 has been chosen

The accelerated EM has been chosen
The adjusted method has been chosen
Convergence: -maxIter 2000 -tol 0.00000010
The following number of bootstraps have been chosen: 0
Input has this many sites without missing data 441695
Ref has this many sites 442769
This many sites in ref are either not-valid-number or below maf in any of the chosen pops 0
Overlap: of 441695 sites between input and ref

nPop=3

Opening nInd file: data/refPanel_humanOrigins_7worldPops.txt with nPop=3
Chosen pop French
N = 25.000000
Chosen pop Han
N = 33.000000
Chosen pop Yoruba
N = 70.000000

This many iterations 24 for run 0

best like -304267.935981 after 0!
Q 0.999980 Q 0.000010 Q 0.000010  after 0!

Estimated  Q = 0.999980 0.000010 0.000010 
best like -304267.935981 after 0 runs!
FIRST row of .qopt file is BEST estimated Q, rest are nBoot bootstrapping Qs
	[ALL done] cpu-time used =  1.56 sec
	[ALL done] walltime used =  1.00 sec
